11-02-2022 00:47:24.135 [main] INFO  d.s.p.ProductServiceApplicationKt.logStarting - Starting ProductServiceApplicationKt using Java 17.0.1 on Nicolas-PC with PID 20784 (D:\Eigene Dateien\Eigene Dokumente\GitHub\Product-Service\build\classes\kotlin\main started by Nicolas in D:\Eigene Dateien\Eigene Dokumente\GitHub\Product-Service)
11-02-2022 00:47:24.139 [main] INFO  d.s.p.ProductServiceApplicationKt.logStartupProfileInfo - No active profile set, falling back to default profiles: default
11-02-2022 00:47:32.952 [main] INFO  d.s.p.ProductServiceApplicationKt.logStarted - Started ProductServiceApplicationKt in 9.947 seconds (JVM running for 10.945)
11-02-2022 00:49:14.755 [http-nio-8080-exec-10] INFO  d.s.p.p.controller.ProductController.getAll - Fetched all products. [method=GET, endpoint=/products, requesterUserId=204e1304-26f0-47b5-b353-cee12f4c8d34]
11-02-2022 00:51:37.582 [http-nio-8080-exec-2] INFO  d.s.p.p.controller.ProductController.getAll - Fetched all products. [method=GET, endpoint=/products, requesterUserId=204e1304-26f0-47b5-b353-cee12f4c8d34]
11-02-2022 00:51:45.591 [http-nio-8080-exec-4] INFO  d.s.p.p.controller.ProductController.getAll - Fetched all products. [method=GET, endpoint=/products, requesterUserId=204e1304-26f0-47b5-b353-cee12f4c8d34]
11-02-2022 00:53:44.797 [http-nio-8080-exec-5] INFO  d.s.p.p.controller.ProductController.getAll - Fetched all products. [method=GET, endpoint=/products, requesterUserId=204e1304-26f0-47b5-b353-cee12f4c8d34]
11-02-2022 00:59:28.376 [http-nio-8080-exec-8] INFO  d.s.p.p.controller.ProductController.getAll - Fetched all products. [method=GET, endpoint=/products, requesterUserId=204e1304-26f0-47b5-b353-cee12f4c8d34]
11-02-2022 01:05:22.657 [http-nio-8080-exec-7] INFO  d.s.p.p.controller.ProductController.getAll - Fetched all products. [method=GET, endpoint=/products, requesterUserId=204e1304-26f0-47b5-b353-cee12f4c8d34]
11-02-2022 01:05:37.481 [http-nio-8080-exec-1] INFO  d.s.p.p.controller.ProductController.getAll - Fetched all products. [method=GET, endpoint=/products, requesterUserId=204e1304-26f0-47b5-b353-cee12f4c8d34]
11-02-2022 01:09:43.494 [http-nio-8080-exec-4] INFO  d.s.p.p.controller.ProductController.getAll - Fetched all products. [method=GET, endpoint=/products, requesterUserId=204e1304-26f0-47b5-b353-cee12f4c8d34]
11-02-2022 01:13:54.784 [main] INFO  d.s.p.ProductServiceApplicationKt.logStarting - Starting ProductServiceApplicationKt using Java 17.0.1 on Nicolas-PC with PID 6656 (D:\Eigene Dateien\Eigene Dokumente\GitHub\Product-Service\build\classes\kotlin\main started by Nicolas in D:\Eigene Dateien\Eigene Dokumente\GitHub\Product-Service)
11-02-2022 01:13:54.789 [main] INFO  d.s.p.ProductServiceApplicationKt.logStartupProfileInfo - No active profile set, falling back to default profiles: default
11-02-2022 01:14:05.051 [main] INFO  d.s.p.ProductServiceApplicationKt.logStarted - Started ProductServiceApplicationKt in 10.919 seconds (JVM running for 11.646)
11-02-2022 01:18:16.598 [http-nio-8080-exec-1] INFO  d.s.p.p.controller.ProductController.getAll - Fetched all products. [method=GET, endpoint=/products, requesterUserId=204e1304-26f0-47b5-b353-cee12f4c8d34]
11-02-2022 01:18:43.573 [http-nio-8080-exec-2] INFO  d.s.p.p.controller.ProductController.getAll - Fetched all products. [method=GET, endpoint=/products, requesterUserId=204e1304-26f0-47b5-b353-cee12f4c8d34]
11-02-2022 01:18:59.323 [main] INFO  d.s.p.ProductServiceApplicationKt.logStarting - Starting ProductServiceApplicationKt using Java 17.0.1 on Nicolas-PC with PID 14532 (D:\Eigene Dateien\Eigene Dokumente\GitHub\Product-Service\build\classes\kotlin\main started by Nicolas in D:\Eigene Dateien\Eigene Dokumente\GitHub\Product-Service)
11-02-2022 01:18:59.328 [main] INFO  d.s.p.ProductServiceApplicationKt.logStartupProfileInfo - No active profile set, falling back to default profiles: default
11-02-2022 01:19:06.217 [main] INFO  d.s.p.ProductServiceApplicationKt.logStarted - Started ProductServiceApplicationKt in 7.475 seconds (JVM running for 8.135)
11-02-2022 01:22:48.778 [http-nio-8080-exec-1] INFO  d.s.p.p.controller.ProductController.getAll - Fetched all products. [method=GET, endpoint=/products, requesterUserId=204e1304-26f0-47b5-b353-cee12f4c8d34]
11-02-2022 01:23:02.320 [http-nio-8080-exec-2] INFO  d.s.p.p.controller.ProductController.getAll - Fetched all products. [method=GET, endpoint=/products, requesterUserId=204e1304-26f0-47b5-b353-cee12f4c8d34]
11-02-2022 01:23:12.084 [http-nio-8080-exec-3] ERROR d.s.p.p.auth.AwsCognitoJwtAuthFilter.doFilter - Cognito ID Token processing error
java.text.ParseException: Invalid JWT serialization: Missing dot delimiter(s)
	at com.nimbusds.jwt.JWTParser.parse(JWTParser.java:60)
	at com.nimbusds.jwt.proc.DefaultJWTProcessor.process(DefaultJWTProcessor.java:294)
	at de.sharetopia.productservice.product.auth.AwsCognitoIdTokenProcessor.authenticate(AwsCognitoIdTokenProcessor.kt:27)
	at de.sharetopia.productservice.product.auth.AwsCognitoJwtAuthFilter.doFilter(AwsCognitoJwtAuthFilter.kt:21)
	at org.springframework.security.web.FilterChainProxy$VirtualFilterChain.doFilter(FilterChainProxy.java:336)
	at org.springframework.security.web.authentication.logout.LogoutFilter.doFilter(LogoutFilter.java:103)
	at org.springframework.security.web.authentication.logout.LogoutFilter.doFilter(LogoutFilter.java:89)
	at org.springframework.security.web.FilterChainProxy$VirtualFilterChain.doFilter(FilterChainProxy.java:336)
	at org.springframework.web.filter.CorsFilter.doFilterInternal(CorsFilter.java:91)
	at org.springframework.web.filter.OncePerRequestFilter.doFilter(OncePerRequestFilter.java:119)
	at org.springframework.security.web.FilterChainProxy$VirtualFilterChain.doFilter(FilterChainProxy.java:336)
	at org.springframework.security.web.header.HeaderWriterFilter.doHeadersAfter(HeaderWriterFilter.java:90)
	at org.springframework.security.web.header.HeaderWriterFilter.doFilterInternal(HeaderWriterFilter.java:75)
	at org.springframework.web.filter.OncePerRequestFilter.doFilter(OncePerRequestFilter.java:119)
	at org.springframework.security.web.FilterChainProxy$VirtualFilterChain.doFilter(FilterChainProxy.java:336)
	at org.springframework.security.web.context.SecurityContextPersistenceFilter.doFilter(SecurityContextPersistenceFilter.java:110)
	at org.springframework.security.web.context.SecurityContextPersistenceFilter.doFilter(SecurityContextPersistenceFilter.java:80)
	at org.springframework.security.web.FilterChainProxy$VirtualFilterChain.doFilter(FilterChainProxy.java:336)
	at org.springframework.security.web.context.request.async.WebAsyncManagerIntegrationFilter.doFilterInternal(WebAsyncManagerIntegrationFilter.java:55)
	at org.springframework.web.filter.OncePerRequestFilter.doFilter(OncePerRequestFilter.java:119)
	at org.springframework.security.web.FilterChainProxy$VirtualFilterChain.doFilter(FilterChainProxy.java:336)
	at org.springframework.security.web.FilterChainProxy.doFilterInternal(FilterChainProxy.java:211)
	at org.springframework.security.web.FilterChainProxy.doFilter(FilterChainProxy.java:183)
	at org.springframework.web.filter.DelegatingFilterProxy.invokeDelegate(DelegatingFilterProxy.java:358)
	at org.springframework.web.filter.DelegatingFilterProxy.doFilter(DelegatingFilterProxy.java:271)
	at org.apache.catalina.core.ApplicationFilterChain.internalDoFilter(ApplicationFilterChain.java:189)
	at org.apache.catalina.core.ApplicationFilterChain.doFilter(ApplicationFilterChain.java:162)
	at org.springframework.web.filter.RequestContextFilter.doFilterInternal(RequestContextFilter.java:100)
	at org.springframework.web.filter.OncePerRequestFilter.doFilter(OncePerRequestFilter.java:119)
	at org.apache.catalina.core.ApplicationFilterChain.internalDoFilter(ApplicationFilterChain.java:189)
	at org.apache.catalina.core.ApplicationFilterChain.doFilter(ApplicationFilterChain.java:162)
	at org.springframework.web.filter.FormContentFilter.doFilterInternal(FormContentFilter.java:93)
	at org.springframework.web.filter.OncePerRequestFilter.doFilter(OncePerRequestFilter.java:119)
	at org.apache.catalina.core.ApplicationFilterChain.internalDoFilter(ApplicationFilterChain.java:189)
	at org.apache.catalina.core.ApplicationFilterChain.doFilter(ApplicationFilterChain.java:162)
	at org.springframework.boot.actuate.metrics.web.servlet.WebMvcMetricsFilter.doFilterInternal(WebMvcMetricsFilter.java:96)
	at org.springframework.web.filter.OncePerRequestFilter.doFilter(OncePerRequestFilter.java:119)
	at org.apache.catalina.core.ApplicationFilterChain.internalDoFilter(ApplicationFilterChain.java:189)
	at org.apache.catalina.core.ApplicationFilterChain.doFilter(ApplicationFilterChain.java:162)
	at org.springframework.web.filter.CharacterEncodingFilter.doFilterInternal(CharacterEncodingFilter.java:201)
	at org.springframework.web.filter.OncePerRequestFilter.doFilter(OncePerRequestFilter.java:119)
	at org.apache.catalina.core.ApplicationFilterChain.internalDoFilter(ApplicationFilterChain.java:189)
	at org.apache.catalina.core.ApplicationFilterChain.doFilter(ApplicationFilterChain.java:162)
	at org.apache.catalina.core.StandardWrapperValve.invoke(StandardWrapperValve.java:197)
	at org.apache.catalina.core.StandardContextValve.invoke(StandardContextValve.java:97)
	at org.apache.catalina.authenticator.AuthenticatorBase.invoke(AuthenticatorBase.java:540)
	at org.apache.catalina.core.StandardHostValve.invoke(StandardHostValve.java:135)
	at org.apache.catalina.valves.ErrorReportValve.invoke(ErrorReportValve.java:92)
	at org.apache.catalina.core.StandardEngineValve.invoke(StandardEngineValve.java:78)
	at org.apache.catalina.connector.CoyoteAdapter.service(CoyoteAdapter.java:357)
	at org.apache.coyote.http11.Http11Processor.service(Http11Processor.java:382)
	at org.apache.coyote.AbstractProcessorLight.process(AbstractProcessorLight.java:65)
	at org.apache.coyote.AbstractProtocol$ConnectionHandler.process(AbstractProtocol.java:895)
	at org.apache.tomcat.util.net.NioEndpoint$SocketProcessor.doRun(NioEndpoint.java:1722)
	at org.apache.tomcat.util.net.SocketProcessorBase.run(SocketProcessorBase.java:49)
	at org.apache.tomcat.util.threads.ThreadPoolExecutor.runWorker(ThreadPoolExecutor.java:1191)
	at org.apache.tomcat.util.threads.ThreadPoolExecutor$Worker.run(ThreadPoolExecutor.java:659)
	at org.apache.tomcat.util.threads.TaskThread$WrappingRunnable.run(TaskThread.java:61)
	at java.base/java.lang.Thread.run(Thread.java:833)
11-02-2022 01:23:12.094 [http-nio-8080-exec-3] ERROR d.s.p.p.auth.AwsCognitoJwtAuthFilter.doFilter - Cognito ID Token processing error
java.text.ParseException: Invalid JWT serialization: Missing dot delimiter(s)
	at com.nimbusds.jwt.JWTParser.parse(JWTParser.java:60)
	at com.nimbusds.jwt.proc.DefaultJWTProcessor.process(DefaultJWTProcessor.java:294)
	at de.sharetopia.productservice.product.auth.AwsCognitoIdTokenProcessor.authenticate(AwsCognitoIdTokenProcessor.kt:27)
	at de.sharetopia.productservice.product.auth.AwsCognitoJwtAuthFilter.doFilter(AwsCognitoJwtAuthFilter.kt:21)
	at org.springframework.security.web.FilterChainProxy$VirtualFilterChain.doFilter(FilterChainProxy.java:336)
	at org.springframework.security.web.authentication.logout.LogoutFilter.doFilter(LogoutFilter.java:103)
	at org.springframework.security.web.authentication.logout.LogoutFilter.doFilter(LogoutFilter.java:89)
	at org.springframework.security.web.FilterChainProxy$VirtualFilterChain.doFilter(FilterChainProxy.java:336)
	at org.springframework.web.filter.OncePerRequestFilter.doFilter(OncePerRequestFilter.java:103)
	at org.springframework.security.web.FilterChainProxy$VirtualFilterChain.doFilter(FilterChainProxy.java:336)
	at org.springframework.web.filter.OncePerRequestFilter.doFilter(OncePerRequestFilter.java:103)
	at org.springframework.security.web.FilterChainProxy$VirtualFilterChain.doFilter(FilterChainProxy.java:336)
	at org.springframework.security.web.context.SecurityContextPersistenceFilter.doFilter(SecurityContextPersistenceFilter.java:110)
	at org.springframework.security.web.context.SecurityContextPersistenceFilter.doFilter(SecurityContextPersistenceFilter.java:80)
	at org.springframework.security.web.FilterChainProxy$VirtualFilterChain.doFilter(FilterChainProxy.java:336)
	at org.springframework.web.filter.OncePerRequestFilter.doFilter(OncePerRequestFilter.java:103)
	at org.springframework.security.web.FilterChainProxy$VirtualFilterChain.doFilter(FilterChainProxy.java:336)
	at org.springframework.security.web.FilterChainProxy.doFilterInternal(FilterChainProxy.java:211)
	at org.springframework.security.web.FilterChainProxy.doFilter(FilterChainProxy.java:183)
	at org.springframework.web.filter.DelegatingFilterProxy.invokeDelegate(DelegatingFilterProxy.java:358)
	at org.springframework.web.filter.DelegatingFilterProxy.doFilter(DelegatingFilterProxy.java:271)
	at org.apache.catalina.core.ApplicationFilterChain.internalDoFilter(ApplicationFilterChain.java:189)
	at org.apache.catalina.core.ApplicationFilterChain.doFilter(ApplicationFilterChain.java:162)
	at org.springframework.web.filter.RequestContextFilter.doFilterInternal(RequestContextFilter.java:100)
	at org.springframework.web.filter.OncePerRequestFilter.doFilter(OncePerRequestFilter.java:119)
	at org.apache.catalina.core.ApplicationFilterChain.internalDoFilter(ApplicationFilterChain.java:189)
	at org.apache.catalina.core.ApplicationFilterChain.doFilter(ApplicationFilterChain.java:162)
	at org.springframework.web.filter.OncePerRequestFilter.doFilter(OncePerRequestFilter.java:103)
	at org.apache.catalina.core.ApplicationFilterChain.internalDoFilter(ApplicationFilterChain.java:189)
	at org.apache.catalina.core.ApplicationFilterChain.doFilter(ApplicationFilterChain.java:162)
	at org.springframework.web.filter.OncePerRequestFilter.doFilter(OncePerRequestFilter.java:103)
	at org.apache.catalina.core.ApplicationFilterChain.internalDoFilter(ApplicationFilterChain.java:189)
	at org.apache.catalina.core.ApplicationFilterChain.doFilter(ApplicationFilterChain.java:162)
	at org.apache.catalina.core.ApplicationDispatcher.invoke(ApplicationDispatcher.java:711)
	at org.apache.catalina.core.ApplicationDispatcher.processRequest(ApplicationDispatcher.java:461)
	at org.apache.catalina.core.ApplicationDispatcher.doForward(ApplicationDispatcher.java:385)
	at org.apache.catalina.core.ApplicationDispatcher.forward(ApplicationDispatcher.java:313)
	at org.apache.catalina.core.StandardHostValve.custom(StandardHostValve.java:403)
	at org.apache.catalina.core.StandardHostValve.status(StandardHostValve.java:249)
	at org.apache.catalina.core.StandardHostValve.invoke(StandardHostValve.java:171)
	at org.apache.catalina.valves.ErrorReportValve.invoke(ErrorReportValve.java:92)
	at org.apache.catalina.core.StandardEngineValve.invoke(StandardEngineValve.java:78)
	at org.apache.catalina.connector.CoyoteAdapter.service(CoyoteAdapter.java:357)
	at org.apache.coyote.http11.Http11Processor.service(Http11Processor.java:382)
	at org.apache.coyote.AbstractProcessorLight.process(AbstractProcessorLight.java:65)
	at org.apache.coyote.AbstractProtocol$ConnectionHandler.process(AbstractProtocol.java:895)
	at org.apache.tomcat.util.net.NioEndpoint$SocketProcessor.doRun(NioEndpoint.java:1722)
	at org.apache.tomcat.util.net.SocketProcessorBase.run(SocketProcessorBase.java:49)
	at org.apache.tomcat.util.threads.ThreadPoolExecutor.runWorker(ThreadPoolExecutor.java:1191)
	at org.apache.tomcat.util.threads.ThreadPoolExecutor$Worker.run(ThreadPoolExecutor.java:659)
	at org.apache.tomcat.util.threads.TaskThread$WrappingRunnable.run(TaskThread.java:61)
	at java.base/java.lang.Thread.run(Thread.java:833)
11-02-2022 01:28:23.399 [http-nio-8080-exec-5] ERROR d.s.p.p.auth.AwsCognitoJwtAuthFilter.doFilter - Cognito ID Token processing error
java.text.ParseException: Invalid JWT serialization: Missing dot delimiter(s)
	at com.nimbusds.jwt.JWTParser.parse(JWTParser.java:60)
	at com.nimbusds.jwt.proc.DefaultJWTProcessor.process(DefaultJWTProcessor.java:294)
	at de.sharetopia.productservice.product.auth.AwsCognitoIdTokenProcessor.authenticate(AwsCognitoIdTokenProcessor.kt:27)
	at de.sharetopia.productservice.product.auth.AwsCognitoJwtAuthFilter.doFilter(AwsCognitoJwtAuthFilter.kt:21)
	at org.springframework.security.web.FilterChainProxy$VirtualFilterChain.doFilter(FilterChainProxy.java:336)
	at org.springframework.security.web.authentication.logout.LogoutFilter.doFilter(LogoutFilter.java:103)
	at org.springframework.security.web.authentication.logout.LogoutFilter.doFilter(LogoutFilter.java:89)
	at org.springframework.security.web.FilterChainProxy$VirtualFilterChain.doFilter(FilterChainProxy.java:336)
	at org.springframework.web.filter.CorsFilter.doFilterInternal(CorsFilter.java:91)
	at org.springframework.web.filter.OncePerRequestFilter.doFilter(OncePerRequestFilter.java:119)
	at org.springframework.security.web.FilterChainProxy$VirtualFilterChain.doFilter(FilterChainProxy.java:336)
	at org.springframework.security.web.header.HeaderWriterFilter.doHeadersAfter(HeaderWriterFilter.java:90)
	at org.springframework.security.web.header.HeaderWriterFilter.doFilterInternal(HeaderWriterFilter.java:75)
	at org.springframework.web.filter.OncePerRequestFilter.doFilter(OncePerRequestFilter.java:119)
	at org.springframework.security.web.FilterChainProxy$VirtualFilterChain.doFilter(FilterChainProxy.java:336)
	at org.springframework.security.web.context.SecurityContextPersistenceFilter.doFilter(SecurityContextPersistenceFilter.java:110)
	at org.springframework.security.web.context.SecurityContextPersistenceFilter.doFilter(SecurityContextPersistenceFilter.java:80)
	at org.springframework.security.web.FilterChainProxy$VirtualFilterChain.doFilter(FilterChainProxy.java:336)
	at org.springframework.security.web.context.request.async.WebAsyncManagerIntegrationFilter.doFilterInternal(WebAsyncManagerIntegrationFilter.java:55)
	at org.springframework.web.filter.OncePerRequestFilter.doFilter(OncePerRequestFilter.java:119)
	at org.springframework.security.web.FilterChainProxy$VirtualFilterChain.doFilter(FilterChainProxy.java:336)
	at org.springframework.security.web.FilterChainProxy.doFilterInternal(FilterChainProxy.java:211)
	at org.springframework.security.web.FilterChainProxy.doFilter(FilterChainProxy.java:183)
	at org.springframework.web.filter.DelegatingFilterProxy.invokeDelegate(DelegatingFilterProxy.java:358)
	at org.springframework.web.filter.DelegatingFilterProxy.doFilter(DelegatingFilterProxy.java:271)
	at org.apache.catalina.core.ApplicationFilterChain.internalDoFilter(ApplicationFilterChain.java:189)
	at org.apache.catalina.core.ApplicationFilterChain.doFilter(ApplicationFilterChain.java:162)
	at org.springframework.web.filter.RequestContextFilter.doFilterInternal(RequestContextFilter.java:100)
	at org.springframework.web.filter.OncePerRequestFilter.doFilter(OncePerRequestFilter.java:119)
	at org.apache.catalina.core.ApplicationFilterChain.internalDoFilter(ApplicationFilterChain.java:189)
	at org.apache.catalina.core.ApplicationFilterChain.doFilter(ApplicationFilterChain.java:162)
	at org.springframework.web.filter.FormContentFilter.doFilterInternal(FormContentFilter.java:93)
	at org.springframework.web.filter.OncePerRequestFilter.doFilter(OncePerRequestFilter.java:119)
	at org.apache.catalina.core.ApplicationFilterChain.internalDoFilter(ApplicationFilterChain.java:189)
	at org.apache.catalina.core.ApplicationFilterChain.doFilter(ApplicationFilterChain.java:162)
	at org.springframework.boot.actuate.metrics.web.servlet.WebMvcMetricsFilter.doFilterInternal(WebMvcMetricsFilter.java:96)
	at org.springframework.web.filter.OncePerRequestFilter.doFilter(OncePerRequestFilter.java:119)
	at org.apache.catalina.core.ApplicationFilterChain.internalDoFilter(ApplicationFilterChain.java:189)
	at org.apache.catalina.core.ApplicationFilterChain.doFilter(ApplicationFilterChain.java:162)
	at org.springframework.web.filter.CharacterEncodingFilter.doFilterInternal(CharacterEncodingFilter.java:201)
	at org.springframework.web.filter.OncePerRequestFilter.doFilter(OncePerRequestFilter.java:119)
	at org.apache.catalina.core.ApplicationFilterChain.internalDoFilter(ApplicationFilterChain.java:189)
	at org.apache.catalina.core.ApplicationFilterChain.doFilter(ApplicationFilterChain.java:162)
	at org.apache.catalina.core.StandardWrapperValve.invoke(StandardWrapperValve.java:197)
	at org.apache.catalina.core.StandardContextValve.invoke(StandardContextValve.java:97)
	at org.apache.catalina.authenticator.AuthenticatorBase.invoke(AuthenticatorBase.java:540)
	at org.apache.catalina.core.StandardHostValve.invoke(StandardHostValve.java:135)
	at org.apache.catalina.valves.ErrorReportValve.invoke(ErrorReportValve.java:92)
	at org.apache.catalina.core.StandardEngineValve.invoke(StandardEngineValve.java:78)
	at org.apache.catalina.connector.CoyoteAdapter.service(CoyoteAdapter.java:357)
	at org.apache.coyote.http11.Http11Processor.service(Http11Processor.java:382)
	at org.apache.coyote.AbstractProcessorLight.process(AbstractProcessorLight.java:65)
	at org.apache.coyote.AbstractProtocol$ConnectionHandler.process(AbstractProtocol.java:895)
	at org.apache.tomcat.util.net.NioEndpoint$SocketProcessor.doRun(NioEndpoint.java:1722)
	at org.apache.tomcat.util.net.SocketProcessorBase.run(SocketProcessorBase.java:49)
	at org.apache.tomcat.util.threads.ThreadPoolExecutor.runWorker(ThreadPoolExecutor.java:1191)
	at org.apache.tomcat.util.threads.ThreadPoolExecutor$Worker.run(ThreadPoolExecutor.java:659)
	at org.apache.tomcat.util.threads.TaskThread$WrappingRunnable.run(TaskThread.java:61)
	at java.base/java.lang.Thread.run(Thread.java:833)
11-02-2022 01:28:23.403 [http-nio-8080-exec-5] ERROR d.s.p.p.auth.AwsCognitoJwtAuthFilter.doFilter - Cognito ID Token processing error
java.text.ParseException: Invalid JWT serialization: Missing dot delimiter(s)
	at com.nimbusds.jwt.JWTParser.parse(JWTParser.java:60)
	at com.nimbusds.jwt.proc.DefaultJWTProcessor.process(DefaultJWTProcessor.java:294)
	at de.sharetopia.productservice.product.auth.AwsCognitoIdTokenProcessor.authenticate(AwsCognitoIdTokenProcessor.kt:27)
	at de.sharetopia.productservice.product.auth.AwsCognitoJwtAuthFilter.doFilter(AwsCognitoJwtAuthFilter.kt:21)
	at org.springframework.security.web.FilterChainProxy$VirtualFilterChain.doFilter(FilterChainProxy.java:336)
	at org.springframework.security.web.authentication.logout.LogoutFilter.doFilter(LogoutFilter.java:103)
	at org.springframework.security.web.authentication.logout.LogoutFilter.doFilter(LogoutFilter.java:89)
	at org.springframework.security.web.FilterChainProxy$VirtualFilterChain.doFilter(FilterChainProxy.java:336)
	at org.springframework.web.filter.OncePerRequestFilter.doFilter(OncePerRequestFilter.java:103)
	at org.springframework.security.web.FilterChainProxy$VirtualFilterChain.doFilter(FilterChainProxy.java:336)
	at org.springframework.web.filter.OncePerRequestFilter.doFilter(OncePerRequestFilter.java:103)
	at org.springframework.security.web.FilterChainProxy$VirtualFilterChain.doFilter(FilterChainProxy.java:336)
	at org.springframework.security.web.context.SecurityContextPersistenceFilter.doFilter(SecurityContextPersistenceFilter.java:110)
	at org.springframework.security.web.context.SecurityContextPersistenceFilter.doFilter(SecurityContextPersistenceFilter.java:80)
	at org.springframework.security.web.FilterChainProxy$VirtualFilterChain.doFilter(FilterChainProxy.java:336)
	at org.springframework.web.filter.OncePerRequestFilter.doFilter(OncePerRequestFilter.java:103)
	at org.springframework.security.web.FilterChainProxy$VirtualFilterChain.doFilter(FilterChainProxy.java:336)
	at org.springframework.security.web.FilterChainProxy.doFilterInternal(FilterChainProxy.java:211)
	at org.springframework.security.web.FilterChainProxy.doFilter(FilterChainProxy.java:183)
	at org.springframework.web.filter.DelegatingFilterProxy.invokeDelegate(DelegatingFilterProxy.java:358)
	at org.springframework.web.filter.DelegatingFilterProxy.doFilter(DelegatingFilterProxy.java:271)
	at org.apache.catalina.core.ApplicationFilterChain.internalDoFilter(ApplicationFilterChain.java:189)
	at org.apache.catalina.core.ApplicationFilterChain.doFilter(ApplicationFilterChain.java:162)
	at org.springframework.web.filter.RequestContextFilter.doFilterInternal(RequestContextFilter.java:100)
	at org.springframework.web.filter.OncePerRequestFilter.doFilter(OncePerRequestFilter.java:119)
	at org.apache.catalina.core.ApplicationFilterChain.internalDoFilter(ApplicationFilterChain.java:189)
	at org.apache.catalina.core.ApplicationFilterChain.doFilter(ApplicationFilterChain.java:162)
	at org.springframework.web.filter.OncePerRequestFilter.doFilter(OncePerRequestFilter.java:103)
	at org.apache.catalina.core.ApplicationFilterChain.internalDoFilter(ApplicationFilterChain.java:189)
	at org.apache.catalina.core.ApplicationFilterChain.doFilter(ApplicationFilterChain.java:162)
	at org.springframework.web.filter.OncePerRequestFilter.doFilter(OncePerRequestFilter.java:103)
	at org.apache.catalina.core.ApplicationFilterChain.internalDoFilter(ApplicationFilterChain.java:189)
	at org.apache.catalina.core.ApplicationFilterChain.doFilter(ApplicationFilterChain.java:162)
	at org.apache.catalina.core.ApplicationDispatcher.invoke(ApplicationDispatcher.java:711)
	at org.apache.catalina.core.ApplicationDispatcher.processRequest(ApplicationDispatcher.java:461)
	at org.apache.catalina.core.ApplicationDispatcher.doForward(ApplicationDispatcher.java:385)
	at org.apache.catalina.core.ApplicationDispatcher.forward(ApplicationDispatcher.java:313)
	at org.apache.catalina.core.StandardHostValve.custom(StandardHostValve.java:403)
	at org.apache.catalina.core.StandardHostValve.status(StandardHostValve.java:249)
	at org.apache.catalina.core.StandardHostValve.invoke(StandardHostValve.java:171)
	at org.apache.catalina.valves.ErrorReportValve.invoke(ErrorReportValve.java:92)
	at org.apache.catalina.core.StandardEngineValve.invoke(StandardEngineValve.java:78)
	at org.apache.catalina.connector.CoyoteAdapter.service(CoyoteAdapter.java:357)
	at org.apache.coyote.http11.Http11Processor.service(Http11Processor.java:382)
	at org.apache.coyote.AbstractProcessorLight.process(AbstractProcessorLight.java:65)
	at org.apache.coyote.AbstractProtocol$ConnectionHandler.process(AbstractProtocol.java:895)
	at org.apache.tomcat.util.net.NioEndpoint$SocketProcessor.doRun(NioEndpoint.java:1722)
	at org.apache.tomcat.util.net.SocketProcessorBase.run(SocketProcessorBase.java:49)
	at org.apache.tomcat.util.threads.ThreadPoolExecutor.runWorker(ThreadPoolExecutor.java:1191)
	at org.apache.tomcat.util.threads.ThreadPoolExecutor$Worker.run(ThreadPoolExecutor.java:659)
	at org.apache.tomcat.util.threads.TaskThread$WrappingRunnable.run(TaskThread.java:61)
	at java.base/java.lang.Thread.run(Thread.java:833)
11-02-2022 01:29:12.993 [http-nio-8080-exec-7] ERROR d.s.p.p.controller.ProductController.getById$lambda-0 - Error fetching product by id. [error=ProductNotFoundException, method=GET, endpoint=/products/{id}, productId=213424, requesterUserId=204e1304-26f0-47b5-b353-cee12f4c8d34]
11-02-2022 01:30:13.454 [http-nio-8080-exec-9] INFO  d.s.p.p.controller.ProductController.getAll - Fetched all products. [method=GET, endpoint=/products, requesterUserId=204e1304-26f0-47b5-b353-cee12f4c8d34]
11-02-2022 01:30:19.840 [http-nio-8080-exec-1] INFO  d.s.p.p.controller.ProductController.getAll - Fetched all products. [method=GET, endpoint=/products, requesterUserId=204e1304-26f0-47b5-b353-cee12f4c8d34]
11-02-2022 01:30:33.689 [http-nio-8080-exec-3] INFO  d.s.p.p.controller.ProductController.getAll - Fetched all products. [method=GET, endpoint=/products, requesterUserId=204e1304-26f0-47b5-b353-cee12f4c8d34]
11-02-2022 01:33:42.802 [http-nio-8080-exec-5] ERROR d.s.p.p.controller.ProductController.getById$lambda-0 - Error fetching product by id. [error=ProductNotFoundException, method=GET, endpoint=/products/{id}, productId=213424, requesterUserId=204e1304-26f0-47b5-b353-cee12f4c8d34]
11-02-2022 01:33:49.718 [http-nio-8080-exec-6] INFO  d.s.p.p.controller.ProductController.getAll - Fetched all products. [method=GET, endpoint=/products, requesterUserId=204e1304-26f0-47b5-b353-cee12f4c8d34]
11-02-2022 01:36:26.167 [http-nio-8080-exec-8] INFO  d.s.p.p.controller.ProductController.getAll - Fetched all products. [method=GET, endpoint=/products, requesterUserId=204e1304-26f0-47b5-b353-cee12f4c8d34]
11-02-2022 01:37:15.560 [http-nio-8080-exec-9] INFO  d.s.p.p.controller.ProductController.getAll - Fetched all products. [method=GET, endpoint=/products, requesterUserId=204e1304-26f0-47b5-b353-cee12f4c8d34]
11-02-2022 01:39:10.611 [http-nio-8080-exec-1] INFO  d.s.p.p.controller.ProductController.getAll - Fetched all products. [method=GET, endpoint=/products, requesterUserId=204e1304-26f0-47b5-b353-cee12f4c8d34]
11-02-2022 01:39:25.386 [http-nio-8080-exec-2] ERROR d.s.p.p.controller.ProductController.getById$lambda-0 - Error fetching product by id. [error=ProductNotFoundException, method=GET, endpoint=/products/{id}, productId=213424, requesterUserId=204e1304-26f0-47b5-b353-cee12f4c8d34]
11-02-2022 01:39:29.054 [http-nio-8080-exec-3] ERROR d.s.p.p.controller.ProductController.getById$lambda-0 - Error fetching product by id. [error=ProductNotFoundException, method=GET, endpoint=/products/{id}, productId=213424, requesterUserId=204e1304-26f0-47b5-b353-cee12f4c8d34]
11-02-2022 01:39:29.549 [http-nio-8080-exec-4] ERROR d.s.p.p.controller.ProductController.getById$lambda-0 - Error fetching product by id. [error=ProductNotFoundException, method=GET, endpoint=/products/{id}, productId=213424, requesterUserId=204e1304-26f0-47b5-b353-cee12f4c8d34]
11-02-2022 01:39:29.966 [http-nio-8080-exec-5] ERROR d.s.p.p.controller.ProductController.getById$lambda-0 - Error fetching product by id. [error=ProductNotFoundException, method=GET, endpoint=/products/{id}, productId=213424, requesterUserId=204e1304-26f0-47b5-b353-cee12f4c8d34]
11-02-2022 12:00:26.315 [main] INFO  d.s.p.ProductServiceApplicationKt.logStarting - Starting ProductServiceApplicationKt using Java 17.0.1 on Nicolas-PC with PID 10720 (D:\Eigene Dateien\Eigene Dokumente\GitHub\Product-Service\build\classes\kotlin\main started by Nicolas in D:\Eigene Dateien\Eigene Dokumente\GitHub\Product-Service)
11-02-2022 12:00:26.334 [main] INFO  d.s.p.ProductServiceApplicationKt.logStartupProfileInfo - No active profile set, falling back to default profiles: default
11-02-2022 12:00:35.011 [main] INFO  d.s.p.ProductServiceApplicationKt.logStarted - Started ProductServiceApplicationKt in 9.427 seconds (JVM running for 10.05)
